{"numTotalTestSuites":71,"numPassedTestSuites":69,"numFailedTestSuites":2,"numPendingTestSuites":0,"numTotalTests":190,"numPassedTests":189,"numFailedTests":1,"numPendingTests":0,"numTodoTests":0,"snapshot":{"added":0,"failure":false,"filesAdded":0,"filesRemoved":0,"filesRemovedList":[],"filesUnmatched":0,"filesUpdated":0,"matched":0,"total":0,"unchecked":0,"uncheckedKeysByFile":[],"unmatched":0,"updated":0,"didUpdate":false},"startTime":1777131407772,"success":false,"testResults":[{"assertionResults":[{"ancestorTitles":["NoteGame Stress Test - 각 레벨 자동 플레이","Level 1"],"fullName":"NoteGame Stress Test - 각 레벨 자동 플레이 Level 1 전부 정답 → success 도달","status":"passed","title":"전부 정답 → success 도달","duration":2262.8024450000003,"failureMessages":[],"meta":{}},{"ancestorTitles":["NoteGame Stress Test - 각 레벨 자동 플레이","Level 1"],"fullName":"NoteGame Stress Test - 각 레벨 자동 플레이 Level 1 전부 오답 → 5번 안에 game over","status":"passed","title":"전부 오답 → 5번 안에 game over","duration":97.97645300000022,"failureMessages":[],"meta":{}},{"ancestorTitles":["NoteGame Stress Test - 각 레벨 자동 플레이","Level 1"],"fullName":"NoteGame Stress Test - 각 레벨 자동 플레이 Level 1 랜덤 50% → 안전하게 종료 (success OR gameover)","status":"passed","title":"랜덤 50% → 안전하게 종료 (success OR gameover)","duration":310.4331609999999,"failureMessages":[],"meta":{}},{"ancestorTitles":["NoteGame Stress Test - 각 레벨 자동 플레이","Level 2"],"fullName":"NoteGame Stress Test - 각 레벨 자동 플레이 Level 2 전부 정답 → success 도달","status":"passed","title":"전부 정답 → success 도달","duration":909.9659609999999,"failureMessages":[],"meta":{}},{"ancestorTitles":["NoteGame Stress Test - 각 레벨 자동 플레이","Level 2"],"fullName":"NoteGame Stress Test - 각 레벨 자동 플레이 Level 2 전부 오답 → 5번 안에 game over","status":"passed","title":"전부 오답 → 5번 안에 game over","duration":80.52634300000045,"failureMessages":[],"meta":{}},{"ancestorTitles":["NoteGame Stress Test - 각 레벨 자동 플레이","Level 2"],"fullName":"NoteGame Stress Test - 각 레벨 자동 플레이 Level 2 랜덤 50% → 안전하게 종료 (success OR gameover)","status":"passed","title":"랜덤 50% → 안전하게 종료 (success OR gameover)","duration":318.04358799999954,"failureMessages":[],"meta":{}},{"ancestorTitles":["NoteGame Stress Test - 각 레벨 자동 플레이","Level 3"],"fullName":"NoteGame Stress Test - 각 레벨 자동 플레이 Level 3 전부 정답 → success 도달","status":"passed","title":"전부 정답 → success 도달","duration":1038.7019330000003,"failureMessages":[],"meta":{}},{"ancestorTitles":["NoteGame Stress Test - 각 레벨 자동 플레이","Level 3"],"fullName":"NoteGame Stress Test - 각 레벨 자동 플레이 Level 3 전부 오답 → 5번 안에 game over","status":"passed","title":"전부 오답 → 5번 안에 game over","duration":83.02802499999962,"failureMessages":[],"meta":{}},{"ancestorTitles":["NoteGame Stress Test - 각 레벨 자동 플레이","Level 3"],"fullName":"NoteGame Stress Test - 각 레벨 자동 플레이 Level 3 랜덤 50% → 안전하게 종료 (success OR gameover)","status":"passed","title":"랜덤 50% → 안전하게 종료 (success OR gameover)","duration":284.74403000000166,"failureMessages":[],"meta":{}},{"ancestorTitles":["NoteGame Stress Test - 각 레벨 자동 플레이","Level 4"],"fullName":"NoteGame Stress Test - 각 레벨 자동 플레이 Level 4 전부 정답 → success 도달","status":"passed","title":"전부 정답 → success 도달","duration":952.8632689999995,"failureMessages":[],"meta":{}},{"ancestorTitles":["NoteGame Stress Test - 각 레벨 자동 플레이","Level 4"],"fullName":"NoteGame Stress Test - 각 레벨 자동 플레이 Level 4 전부 오답 → 5번 안에 game over","status":"passed","title":"전부 오답 → 5번 안에 game over","duration":79.09128899999996,"failureMessages":[],"meta":{}},{"ancestorTitles":["NoteGame Stress Test - 각 레벨 자동 플레이","Level 4"],"fullName":"NoteGame Stress Test - 각 레벨 자동 플레이 Level 4 랜덤 50% → 안전하게 종료 (success OR gameover)","status":"passed","title":"랜덤 50% → 안전하게 종료 (success OR gameover)","duration":283.8449419999997,"failureMessages":[],"meta":{}},{"ancestorTitles":["NoteGame Stress Test - 각 레벨 자동 플레이","Level 5"],"fullName":"NoteGame Stress Test - 각 레벨 자동 플레이 Level 5 전부 정답 → success 도달","status":"passed","title":"전부 정답 → success 도달","duration":927.4758569999995,"failureMessages":[],"meta":{}},{"ancestorTitles":["NoteGame Stress Test - 각 레벨 자동 플레이","Level 5"],"fullName":"NoteGame Stress Test - 각 레벨 자동 플레이 Level 5 전부 오답 → 5번 안에 game over","status":"passed","title":"전부 오답 → 5번 안에 game over","duration":205.1054439999989,"failureMessages":[],"meta":{}},{"ancestorTitles":["NoteGame Stress Test - 각 레벨 자동 플레이","Level 5"],"fullName":"NoteGame Stress Test - 각 레벨 자동 플레이 Level 5 랜덤 50% → 안전하게 종료 (success OR gameover)","status":"passed","title":"랜덤 50% → 안전하게 종료 (success OR gameover)","duration":384.6898650000003,"failureMessages":[],"meta":{}},{"ancestorTitles":["NoteGame Stress Test - 각 레벨 자동 플레이","Level 6"],"fullName":"NoteGame Stress Test - 각 레벨 자동 플레이 Level 6 전부 정답 → success 도달","status":"passed","title":"전부 정답 → success 도달","duration":988.1641880000006,"failureMessages":[],"meta":{}},{"ancestorTitles":["NoteGame Stress Test - 각 레벨 자동 플레이","Level 6"],"fullName":"NoteGame Stress Test - 각 레벨 자동 플레이 Level 6 전부 오답 → 5번 안에 game over","status":"passed","title":"전부 오답 → 5번 안에 game over","duration":85.44932199999857,"failureMessages":[],"meta":{}},{"ancestorTitles":["NoteGame Stress Test - 각 레벨 자동 플레이","Level 6"],"fullName":"NoteGame Stress Test - 각 레벨 자동 플레이 Level 6 랜덤 50% → 안전하게 종료 (success OR gameover)","status":"passed","title":"랜덤 50% → 안전하게 종료 (success OR gameover)","duration":410.4422599999998,"failureMessages":[],"meta":{}},{"ancestorTitles":["NoteGame Stress Test - 각 레벨 자동 플레이","Level 7"],"fullName":"NoteGame Stress Test - 각 레벨 자동 플레이 Level 7 전부 정답 → success 도달","status":"passed","title":"전부 정답 → success 도달","duration":1050.7646999999997,"failureMessages":[],"meta":{}},{"ancestorTitles":["NoteGame Stress Test - 각 레벨 자동 플레이","Level 7"],"fullName":"NoteGame Stress Test - 각 레벨 자동 플레이 Level 7 전부 오답 → 5번 안에 game over","status":"passed","title":"전부 오답 → 5번 안에 game over","duration":201.06123500000103,"failureMessages":[],"meta":{}},{"ancestorTitles":["NoteGame Stress Test - 각 레벨 자동 플레이","Level 7"],"fullName":"NoteGame Stress Test - 각 레벨 자동 플레이 Level 7 랜덤 50% → 안전하게 종료 (success OR gameover)","status":"passed","title":"랜덤 50% → 안전하게 종료 (success OR gameover)","duration":408.0599599999987,"failureMessages":[],"meta":{}},{"ancestorTitles":["NoteGame Stress Test - 데이터 일관성"],"fullName":"NoteGame Stress Test - 데이터 일관성 정답 수와 recordNote(correct=true) 호출 수 일치","status":"passed","title":"정답 수와 recordNote(correct=true) 호출 수 일치","duration":896.0744429999995,"failureMessages":[],"meta":{}},{"ancestorTitles":["NoteGame Stress Test - 데이터 일관성"],"fullName":"NoteGame Stress Test - 데이터 일관성 오답 5회 시 recordNote 호출 5회, game over","status":"passed","title":"오답 5회 시 recordNote 호출 5회, game over","duration":102.70647499999905,"failureMessages":[],"meta":{}},{"ancestorTitles":["NoteGame Stress Test - 데이터 일관성"],"fullName":"NoteGame Stress Test - 데이터 일관성 세션 endSession이 정확히 1번 호출됨","status":"passed","title":"세션 endSession이 정확히 1번 호출됨","duration":965.5651799999996,"failureMessages":[],"meta":{}},{"ancestorTitles":["NoteGame Stress Test - 데이터 일관성"],"fullName":"NoteGame Stress Test - 데이터 일관성 게임오버 시 endSession('gameover') 호출됨","status":"passed","title":"게임오버 시 endSession('gameover') 호출됨","duration":102.89987800000017,"failureMessages":[],"meta":{}}],"startTime":1777131411598,"endTime":1777131425029.9,"status":"passed","message":"","name":"/Users/yongjun-kim/Desktop/noteflex/src/components/NoteGame.stress.test.tsx"},{"assertionResults":[{"ancestorTitles":["NoteGame - Retry Queue 통합"],"fullName":"NoteGame - Retry Queue 통합 초기 상태: 큐 비어있고 첫 음표 출제됨","status":"passed","title":"초기 상태: 큐 비어있고 첫 음표 출제됨","duration":182.14220299999988,"failureMessages":[],"meta":{}},{"ancestorTitles":["NoteGame - Retry Queue 통합"],"fullName":"NoteGame - Retry Queue 통합 오답 시 큐에 등록되고 다음 문제로 자동 진행","status":"passed","title":"오답 시 큐에 등록되고 다음 문제로 자동 진행","duration":188.54783699999962,"failureMessages":[],"meta":{}},{"ancestorTitles":["NoteGame - Retry Queue 통합"],"fullName":"NoteGame - Retry Queue 통합 정답 시 큐에 등록되지 않음","status":"passed","title":"정답 시 큐에 등록되지 않음","duration":61.79206500000009,"failureMessages":[],"meta":{}},{"ancestorTitles":["NoteGame - Retry Queue 통합"],"fullName":"NoteGame - Retry Queue 통합 오답 3번 연속 · 큐 상태 계약 검증","status":"passed","title":"오답 3번 연속 · 큐 상태 계약 검증","duration":132.21625700000004,"failureMessages":[],"meta":{}},{"ancestorTitles":["NoteGame - Retry Queue 통합"],"fullName":"NoteGame - Retry Queue 통합 오답 후 N턴 뒤 🔁 재출제 배지가 표시됨","status":"passed","title":"오답 후 N턴 뒤 🔁 재출제 배지가 표시됨","duration":99.27077499999996,"failureMessages":[],"meta":{}},{"ancestorTitles":["NoteGame - Retry Queue 통합"],"fullName":"NoteGame - Retry Queue 통합 재출제된 음표를 정답하면 큐에서 제거됨","status":"passed","title":"재출제된 음표를 정답하면 큐에서 제거됨","duration":140.3933130000005,"failureMessages":[],"meta":{}},{"ancestorTitles":["NoteGame - Retry Queue 통합"],"fullName":"NoteGame - Retry Queue 통합 재출제된 음표를 또 틀리면 재재출제까지 이어짐","status":"failed","title":"재출제된 음표를 또 틀리면 재재출제까지 이어짐","duration":195.76977399999942,"failureMessages":["AssertionError: expected 'E' to be 'A' // Object.is equality\n    at /Users/yongjun-kim/Desktop/noteflex/src/components/NoteGame.test.tsx:277:25\n    at file:///Users/yongjun-kim/Desktop/noteflex/node_modules/@vitest/runner/dist/chunk-hooks.js:752:20"],"meta":{}},{"ancestorTitles":["NoteGame - 서브레벨 설정"],"fullName":"NoteGame - 서브레벨 설정 sublevel=2: 목숨 4개 → 4번 오답 시 게임오버","status":"passed","title":"sublevel=2: 목숨 4개 → 4번 오답 시 게임오버","duration":412.61921299999995,"failureMessages":[],"meta":{}},{"ancestorTitles":["NoteGame - 서브레벨 설정"],"fullName":"NoteGame - 서브레벨 설정 sublevel=3: 목숨 3개 → 3번 오답 시 게임오버","status":"passed","title":"sublevel=3: 목숨 3개 → 3번 오답 시 게임오버","duration":67.27911200000017,"failureMessages":[],"meta":{}},{"ancestorTitles":["NoteGame - 서브레벨 설정"],"fullName":"NoteGame - 서브레벨 설정 sublevel=1: 목숨 5개 → 4번 오답 후 게임오버 안 됨","status":"passed","title":"sublevel=1: 목숨 5개 → 4번 오답 후 게임오버 안 됨","duration":125.76860399999987,"failureMessages":[],"meta":{}},{"ancestorTitles":["NoteGame - 진도 기록 (recordAttempt)"],"fullName":"NoteGame - 진도 기록 (recordAttempt) gameover 시 recordAttempt 호출됨 (level, sublevel, gameStatus)","status":"passed","title":"gameover 시 recordAttempt 호출됨 (level, sublevel, gameStatus)","duration":149.27442100000007,"failureMessages":[],"meta":{}},{"ancestorTitles":["NoteGame - 진도 기록 (recordAttempt)"],"fullName":"NoteGame - 진도 기록 (recordAttempt) gameover 시 시도횟수·정답수·streak 정확히 전달됨","status":"passed","title":"gameover 시 시도횟수·정답수·streak 정확히 전달됨","duration":74.16763899999933,"failureMessages":[],"meta":{}},{"ancestorTitles":["NoteGame - 진도 기록 (recordAttempt)"],"fullName":"NoteGame - 진도 기록 (recordAttempt) 5연속 정답 후 오답 → maxStreak=5 전달됨","status":"passed","title":"5연속 정답 후 오답 → maxStreak=5 전달됨","duration":224.08002299999953,"failureMessages":[],"meta":{}},{"ancestorTitles":["NoteGame - 진도 기록 (recordAttempt)"],"fullName":"NoteGame - 진도 기록 (recordAttempt) onAttemptRecorded 콜백: recordAttempt 결과를 그대로 전달","status":"passed","title":"onAttemptRecorded 콜백: recordAttempt 결과를 그대로 전달","duration":127.1085949999997,"failureMessages":[],"meta":{}}],"startTime":1777131411537,"endTime":1777131413718.1086,"status":"failed","message":"","name":"/Users/yongjun-kim/Desktop/noteflex/src/components/NoteGame.test.tsx"},{"assertionResults":[{"ancestorTitles":["useBatchRuns"],"fullName":"useBatchRuns 로드 성공 시 runs 업데이트","status":"passed","title":"로드 성공 시 runs 업데이트","duration":78.91421999999966,"failureMessages":[],"meta":{}},{"ancestorTitles":["useBatchRuns"],"fullName":"useBatchRuns DB 에러 시 error 상태 업데이트","status":"passed","title":"DB 에러 시 error 상태 업데이트","duration":57.82162500000004,"failureMessages":[],"meta":{}},{"ancestorTitles":["useBatchRuns"],"fullName":"useBatchRuns summary: 성공/실패 카운트","status":"passed","title":"summary: 성공/실패 카운트","duration":60.25123600000006,"failureMessages":[],"meta":{}},{"ancestorTitles":["useBatchRuns"],"fullName":"useBatchRuns triggerManualRun 성공","status":"passed","title":"triggerManualRun 성공","duration":61.73682800000006,"failureMessages":[],"meta":{}},{"ancestorTitles":["useBatchRuns"],"fullName":"useBatchRuns triggerManualRun: 오늘 이미 실행된 경우 (data=null)","status":"passed","title":"triggerManualRun: 오늘 이미 실행된 경우 (data=null)","duration":54.55297400000018,"failureMessages":[],"meta":{}},{"ancestorTitles":["useBatchRuns"],"fullName":"useBatchRuns triggerManualRun 에러","status":"passed","title":"triggerManualRun 에러","duration":53.224305000000186,"failureMessages":[],"meta":{}},{"ancestorTitles":["useBatchRuns"],"fullName":"useBatchRuns 빈 배열일 때 summary 안전","status":"passed","title":"빈 배열일 때 summary 안전","duration":53.406355000000076,"failureMessages":[],"meta":{}}],"startTime":1777131410512,"endTime":1777131410933.4062,"status":"passed","message":"","name":"/Users/yongjun-kim/Desktop/noteflex/src/hooks/useBatchRuns.test.ts"},{"assertionResults":[{"ancestorTitles":["useLevelProgress"],"fullName":"useLevelProgress user가 없으면 progress 비어있음","status":"passed","title":"user가 없으면 progress 비어있음","duration":54.59379199999967,"failureMessages":[],"meta":{}},{"ancestorTitles":["useLevelProgress"],"fullName":"useLevelProgress 마운트 시 fetchProgress 자동 호출","status":"passed","title":"마운트 시 fetchProgress 자동 호출","duration":57.00563699999975,"failureMessages":[],"meta":{}},{"ancestorTitles":["useLevelProgress"],"fullName":"useLevelProgress getProgressFor: 특정 단계 진도 조회","status":"passed","title":"getProgressFor: 특정 단계 진도 조회","duration":55.10948600000029,"failureMessages":[],"meta":{}},{"ancestorTitles":["useLevelProgress"],"fullName":"useLevelProgress recordAttempt: RPC 호출 후 fetch 재실행","status":"passed","title":"recordAttempt: RPC 호출 후 fetch 재실행","duration":66.09642299999996,"failureMessages":[],"meta":{}},{"ancestorTitles":["useLevelProgress"],"fullName":"useLevelProgress recordAttempt: user 없으면 null 반환","status":"passed","title":"recordAttempt: user 없으면 null 반환","duration":2.374949000000015,"failureMessages":[],"meta":{}},{"ancestorTitles":["useLevelProgress"],"fullName":"useLevelProgress fetch 에러 시 error state 설정","status":"passed","title":"fetch 에러 시 error state 설정","duration":52.080235999999786,"failureMessages":[],"meta":{}}],"startTime":1777131410477,"endTime":1777131410764.0803,"status":"passed","message":"","name":"/Users/yongjun-kim/Desktop/noteflex/src/hooks/useLevelProgress.test.ts"},{"assertionResults":[{"ancestorTitles":["useMasteryDetails"],"fullName":"useMasteryDetails user 없으면 빈 배열 반환 (쿼리 안 함)","status":"passed","title":"user 없으면 빈 배열 반환 (쿼리 안 함)","duration":98.39574300000004,"failureMessages":[],"meta":{}},{"ancestorTitles":["useMasteryDetails"],"fullName":"useMasteryDetails 쿼리 성공 시 weakness/master 분류","status":"passed","title":"쿼리 성공 시 weakness/master 분류","duration":56.8664789999998,"failureMessages":[],"meta":{}},{"ancestorTitles":["useMasteryDetails"],"fullName":"useMasteryDetails lastAnalyzedAt: 여러 row 중 가장 최신 시각 채택","status":"passed","title":"lastAnalyzedAt: 여러 row 중 가장 최신 시각 채택","duration":55.18598800000018,"failureMessages":[],"meta":{}},{"ancestorTitles":["useMasteryDetails"],"fullName":"useMasteryDetails 쿼리 실패 시 error 상태","status":"passed","title":"쿼리 실패 시 error 상태","duration":55.08314100000007,"failureMessages":[],"meta":{}},{"ancestorTitles":["useMasteryDetails"],"fullName":"useMasteryDetails refresh 호출 시 재쿼리 발생","status":"passed","title":"refresh 호출 시 재쿼리 발생","duration":57.900134999999864,"failureMessages":[],"meta":{}}],"startTime":1777131410483,"endTime":1777131410806.9001,"status":"passed","message":"","name":"/Users/yongjun-kim/Desktop/noteflex/src/hooks/useMasteryDetails.test.ts"},{"assertionResults":[{"ancestorTitles":["useRetryQueue","기본 동작"],"fullName":"useRetryQueue 기본 동작 초기 상태는 빈 큐","status":"passed","title":"초기 상태는 빈 큐","duration":82.95468200000005,"failureMessages":[],"meta":{}},{"ancestorTitles":["useRetryQueue","기본 동작"],"fullName":"useRetryQueue 기본 동작 빈 큐에서 popDueOrNull은 null 반환","status":"passed","title":"빈 큐에서 popDueOrNull은 null 반환","duration":2.5243359999999484,"failureMessages":[],"meta":{}},{"ancestorTitles":["useRetryQueue","n+2 규칙 (첫 오답)"],"fullName":"useRetryQueue n+2 규칙 (첫 오답) turn 0에서 오답 등록 → turn 2에 due","status":"passed","title":"turn 0에서 오답 등록 → turn 2에 due","duration":4.375023999999939,"failureMessages":[],"meta":{}},{"ancestorTitles":["useRetryQueue","n+2 규칙 (첫 오답)"],"fullName":"useRetryQueue n+2 규칙 (첫 오답) pop 후 큐에서 제거됨","status":"passed","title":"pop 후 큐에서 제거됨","duration":3.22305200000028,"failureMessages":[],"meta":{}},{"ancestorTitles":["useRetryQueue","단축 규칙 (재오답)"],"fullName":"useRetryQueue 단축 규칙 (재오답) 오답 2회차: n+1 뒤 due","status":"passed","title":"오답 2회차: n+1 뒤 due","duration":38.892541000000165,"failureMessages":[],"meta":{}},{"ancestorTitles":["useRetryQueue","단축 규칙 (재오답)"],"fullName":"useRetryQueue 단축 규칙 (재오답) 오답 3회차: 즉시 다음 턴 (n+0)","status":"passed","title":"오답 3회차: 즉시 다음 턴 (n+0)","duration":10.860377999999855,"failureMessages":[],"meta":{}},{"ancestorTitles":["useRetryQueue","정답 시 큐에서 제거"],"fullName":"useRetryQueue 정답 시 큐에서 제거 resolve 호출 시 해당 음표 사라짐","status":"passed","title":"resolve 호출 시 해당 음표 사라짐","duration":5.1417240000000675,"failureMessages":[],"meta":{}},{"ancestorTitles":["useRetryQueue","정답 시 큐에서 제거"],"fullName":"useRetryQueue 정답 시 큐에서 제거 없는 음표 resolve는 무해","status":"passed","title":"없는 음표 resolve는 무해","duration":25.524668999999903,"failureMessages":[],"meta":{}},{"ancestorTitles":["useRetryQueue","음표 식별 (clef/octave/accidental 분리)"],"fullName":"useRetryQueue 음표 식별 (clef/octave/accidental 분리) 같은 key라도 clef 다르면 별개","status":"passed","title":"같은 key라도 clef 다르면 별개","duration":23.125694999999723,"failureMessages":[],"meta":{}},{"ancestorTitles":["useRetryQueue","음표 식별 (clef/octave/accidental 분리)"],"fullName":"useRetryQueue 음표 식별 (clef/octave/accidental 분리) 같은 key/clef라도 octave 다르면 별개","status":"passed","title":"같은 key/clef라도 octave 다르면 별개","duration":17.736601000000064,"failureMessages":[],"meta":{}},{"ancestorTitles":["useRetryQueue","음표 식별 (clef/octave/accidental 분리)"],"fullName":"useRetryQueue 음표 식별 (clef/octave/accidental 분리) G와 G# 구분","status":"passed","title":"G와 G# 구분","duration":1.7219759999998132,"failureMessages":[],"meta":{}},{"ancestorTitles":["useRetryQueue","음표 식별 (clef/octave/accidental 분리)"],"fullName":"useRetryQueue 음표 식별 (clef/octave/accidental 분리) 같은 식별자로 재등록하면 miss count 누적 (중복 X)","status":"passed","title":"같은 식별자로 재등록하면 miss count 누적 (중복 X)","duration":1.9845919999997932,"failureMessages":[],"meta":{}},{"ancestorTitles":["useRetryQueue","복수 항목 동시 처리"],"fullName":"useRetryQueue 복수 항목 동시 처리 여러 음표 등록 → scheduledAt 작은 것부터 pop","status":"passed","title":"여러 음표 등록 → scheduledAt 작은 것부터 pop","duration":12.870162999999593,"failureMessages":[],"meta":{}},{"ancestorTitles":["useRetryQueue","reset"],"fullName":"useRetryQueue reset 모든 항목 제거","status":"passed","title":"모든 항목 제거","duration":2.0680859999997665,"failureMessages":[],"meta":{}},{"ancestorTitles":["useRetryQueue","has 조회"],"fullName":"useRetryQueue has 조회 큐에 있으면 true, 없으면 false","status":"passed","title":"큐에 있으면 true, 없으면 false","duration":2.503447000000051,"failureMessages":[],"meta":{}}],"startTime":1777131410500,"endTime":1777131410736.5034,"status":"passed","message":"","name":"/Users/yongjun-kim/Desktop/noteflex/src/hooks/useRetryQueue.test.ts"},{"assertionResults":[{"ancestorTitles":["SUBLEVEL_CONFIGS"],"fullName":"SUBLEVEL_CONFIGS 서브레벨 1: 7초 / 목숨 5","status":"passed","title":"서브레벨 1: 7초 / 목숨 5","duration":1.8737449999998717,"failureMessages":[],"meta":{}},{"ancestorTitles":["SUBLEVEL_CONFIGS"],"fullName":"SUBLEVEL_CONFIGS 서브레벨 2: 5초 / 목숨 4","status":"passed","title":"서브레벨 2: 5초 / 목숨 4","duration":0.46546200000011595,"failureMessages":[],"meta":{}},{"ancestorTitles":["SUBLEVEL_CONFIGS"],"fullName":"SUBLEVEL_CONFIGS 서브레벨 3: 3초 / 목숨 3","status":"passed","title":"서브레벨 3: 3초 / 목숨 3","duration":0.2406909999999698,"failureMessages":[],"meta":{}},{"ancestorTitles":["PASS_CRITERIA"],"fullName":"PASS_CRITERIA 통과 조건 상수값","status":"passed","title":"통과 조건 상수값","duration":0.2361630000000332,"failureMessages":[],"meta":{}},{"ancestorTitles":["calculateAccuracy"],"fullName":"calculateAccuracy 시도 0회면 0","status":"passed","title":"시도 0회면 0","duration":0.24178600000004735,"failureMessages":[],"meta":{}},{"ancestorTitles":["calculateAccuracy"],"fullName":"calculateAccuracy 정답률 80% 정확히","status":"passed","title":"정답률 80% 정확히","duration":0.29322799999999916,"failureMessages":[],"meta":{}},{"ancestorTitles":["calculateAccuracy"],"fullName":"calculateAccuracy 정답률 100%","status":"passed","title":"정답률 100%","duration":0.18004000000019005,"failureMessages":[],"meta":{}},{"ancestorTitles":["calculateAccuracy"],"fullName":"calculateAccuracy 정답률 0% (모두 오답)","status":"passed","title":"정답률 0% (모두 오답)","duration":0.31930499999998574,"failureMessages":[],"meta":{}},{"ancestorTitles":["checkPassed - 3개 조건 모두 충족 검증"],"fullName":"checkPassed - 3개 조건 모두 충족 검증 모든 조건 충족 → passed=true","status":"passed","title":"모든 조건 충족 → passed=true","duration":0.3119560000000092,"failureMessages":[],"meta":{}},{"ancestorTitles":["checkPassed - 3개 조건 모두 충족 검증"],"fullName":"checkPassed - 3개 조건 모두 충족 검증 play_count 부족 → passed=false","status":"passed","title":"play_count 부족 → passed=false","duration":0.16353799999978946,"failureMessages":[],"meta":{}},{"ancestorTitles":["checkPassed - 3개 조건 모두 충족 검증"],"fullName":"checkPassed - 3개 조건 모두 충족 검증 best_streak 부족 → passed=false","status":"passed","title":"best_streak 부족 → passed=false","duration":0.13618600000017977,"failureMessages":[],"meta":{}},{"ancestorTitles":["checkPassed - 3개 조건 모두 충족 검증"],"fullName":"checkPassed - 3개 조건 모두 충족 검증 accuracy 부족 → passed=false","status":"passed","title":"accuracy 부족 → passed=false","duration":0.12984699999969962,"failureMessages":[],"meta":{}},{"ancestorTitles":["checkPassed - 3개 조건 모두 충족 검증"],"fullName":"checkPassed - 3개 조건 모두 충족 검증 정확히 경계값 (5, 5, 80%) → passed=true","status":"passed","title":"정확히 경계값 (5, 5, 80%) → passed=true","duration":0.12054699999998775,"failureMessages":[],"meta":{}},{"ancestorTitles":["getCompletion - UI 진행률"],"fullName":"getCompletion - UI 진행률 아무것도 안 했을 때","status":"passed","title":"아무것도 안 했을 때","duration":0.5251279999997678,"failureMessages":[],"meta":{}},{"ancestorTitles":["getCompletion - UI 진행률"],"fullName":"getCompletion - UI 진행률 정답률만 미달","status":"passed","title":"정답률만 미달","duration":0.26101299999982075,"failureMessages":[],"meta":{}},{"ancestorTitles":["getCompletion - UI 진행률"],"fullName":"getCompletion - UI 진행률 모두 충족","status":"passed","title":"모두 충족","duration":0.2958490000000893,"failureMessages":[],"meta":{}},{"ancestorTitles":["canAccessSublevel - 구독 게이트","guest (미가입)"],"fullName":"canAccessSublevel - 구독 게이트 guest (미가입) Lv 1 모든 서브레벨 접근 가능","status":"passed","title":"Lv 1 모든 서브레벨 접근 가능","duration":0.29622799999970084,"failureMessages":[],"meta":{}},{"ancestorTitles":["canAccessSublevel - 구독 게이트","guest (미가입)"],"fullName":"canAccessSublevel - 구독 게이트 guest (미가입) Lv 2 이상은 접근 불가","status":"passed","title":"Lv 2 이상은 접근 불가","duration":0.1541019999999662,"failureMessages":[],"meta":{}},{"ancestorTitles":["canAccessSublevel - 구독 게이트","free (일반 가입)"],"fullName":"canAccessSublevel - 구독 게이트 free (일반 가입) Lv 1·2 모두 접근 가능","status":"passed","title":"Lv 1·2 모두 접근 가능","duration":0.16664799999989555,"failureMessages":[],"meta":{}},{"ancestorTitles":["canAccessSublevel - 구독 게이트","free (일반 가입)"],"fullName":"canAccessSublevel - 구독 게이트 free (일반 가입) Lv 3-1, Lv 4-1만 접근 가능 (맛보기)","status":"passed","title":"Lv 3-1, Lv 4-1만 접근 가능 (맛보기)","duration":0.11810100000002421,"failureMessages":[],"meta":{}},{"ancestorTitles":["canAccessSublevel - 구독 게이트","free (일반 가입)"],"fullName":"canAccessSublevel - 구독 게이트 free (일반 가입) Lv 3-2, 3-3, 4-2, 4-3은 접근 불가","status":"passed","title":"Lv 3-2, 3-3, 4-2, 4-3은 접근 불가","duration":0.19968900000003487,"failureMessages":[],"meta":{}},{"ancestorTitles":["canAccessSublevel - 구독 게이트","free (일반 가입)"],"fullName":"canAccessSublevel - 구독 게이트 free (일반 가입) Lv 5 이상은 접근 불가","status":"passed","title":"Lv 5 이상은 접근 불가","duration":0.1661789999998291,"failureMessages":[],"meta":{}},{"ancestorTitles":["canAccessSublevel - 구독 게이트","pro (구독)"],"fullName":"canAccessSublevel - 구독 게이트 pro (구독) 21단계 모두 접근 가능","status":"passed","title":"21단계 모두 접근 가능","duration":0.8513299999999617,"failureMessages":[],"meta":{}},{"ancestorTitles":["getAllSublevels"],"fullName":"getAllSublevels 총 21단계 반환","status":"passed","title":"총 21단계 반환","duration":1.4335360000000037,"failureMessages":[],"meta":{}},{"ancestorTitles":["getAllSublevels"],"fullName":"getAllSublevels 첫 번째는 Lv 1-1","status":"passed","title":"첫 번째는 Lv 1-1","duration":0.35669400000006135,"failureMessages":[],"meta":{}},{"ancestorTitles":["getAllSublevels"],"fullName":"getAllSublevels 마지막은 Lv 7-3","status":"passed","title":"마지막은 Lv 7-3","duration":0.32172300000001997,"failureMessages":[],"meta":{}},{"ancestorTitles":["getAllSublevels"],"fullName":"getAllSublevels 순서: 1-1, 1-2, 1-3, 2-1, ...","status":"passed","title":"순서: 1-1, 1-2, 1-3, 2-1, ...","duration":2.675083000000086,"failureMessages":[],"meta":{}},{"ancestorTitles":["formatSublevel"],"fullName":"formatSublevel 'Lv 2-3' 포맷","status":"passed","title":"'Lv 2-3' 포맷","duration":0.2698970000001282,"failureMessages":[],"meta":{}},{"ancestorTitles":["formatSublevel"],"fullName":"formatSublevel 'Lv 1-1'","status":"passed","title":"'Lv 1-1'","duration":0.16744000000016968,"failureMessages":[],"meta":{}},{"ancestorTitles":["getNextSublevel"],"fullName":"getNextSublevel Lv 1-1 다음은 Lv 1-2","status":"passed","title":"Lv 1-1 다음은 Lv 1-2","duration":0.44353399999999965,"failureMessages":[],"meta":{}},{"ancestorTitles":["getNextSublevel"],"fullName":"getNextSublevel Lv 1-3 다음은 Lv 2-1","status":"passed","title":"Lv 1-3 다음은 Lv 2-1","duration":0.18100200000026234,"failureMessages":[],"meta":{}},{"ancestorTitles":["getNextSublevel"],"fullName":"getNextSublevel Lv 7-3 다음은 null (최종)","status":"passed","title":"Lv 7-3 다음은 null (최종)","duration":0.11742800000001807,"failureMessages":[],"meta":{}},{"ancestorTitles":["getPreviousSublevel"],"fullName":"getPreviousSublevel Lv 1-2 이전은 Lv 1-1","status":"passed","title":"Lv 1-2 이전은 Lv 1-1","duration":0.21116899999969974,"failureMessages":[],"meta":{}},{"ancestorTitles":["getPreviousSublevel"],"fullName":"getPreviousSublevel Lv 2-1 이전은 Lv 1-3","status":"passed","title":"Lv 2-1 이전은 Lv 1-3","duration":0.16640199999983452,"failureMessages":[],"meta":{}},{"ancestorTitles":["getPreviousSublevel"],"fullName":"getPreviousSublevel Lv 1-1 이전은 null (최초)","status":"passed","title":"Lv 1-1 이전은 null (최초)","duration":0.11332400000037524,"failureMessages":[],"meta":{}},{"ancestorTitles":["isValidSublevel"],"fullName":"isValidSublevel 유효한 입력","status":"passed","title":"유효한 입력","duration":0.2059119999998984,"failureMessages":[],"meta":{}},{"ancestorTitles":["isValidSublevel"],"fullName":"isValidSublevel 범위 밖 level","status":"passed","title":"범위 밖 level","duration":0.16872800000010102,"failureMessages":[],"meta":{}},{"ancestorTitles":["isValidSublevel"],"fullName":"isValidSublevel 범위 밖 sublevel","status":"passed","title":"범위 밖 sublevel","duration":0.17769499999985783,"failureMessages":[],"meta":{}},{"ancestorTitles":["isValidSublevel"],"fullName":"isValidSublevel 정수가 아닌 입력","status":"passed","title":"정수가 아닌 입력","duration":0.26591999999982363,"failureMessages":[],"meta":{}}],"startTime":1777131410338,"endTime":1777131410354.2659,"status":"passed","message":"","name":"/Users/yongjun-kim/Desktop/noteflex/src/lib/levelSystem.test.ts"},{"assertionResults":[{"ancestorTitles":["validateNicknameFormat — 유효한 닉네임"],"fullName":"validateNicknameFormat — 유효한 닉네임 소문자 + 숫자 + 밑줄 조합 통과","status":"passed","title":"소문자 + 숫자 + 밑줄 조합 통과","duration":2.3490460000002713,"failureMessages":[],"meta":{}},{"ancestorTitles":["validateNicknameFormat — 유효한 닉네임"],"fullName":"validateNicknameFormat — 유효한 닉네임 최소 3자 통과","status":"passed","title":"최소 3자 통과","duration":0.4688379999997778,"failureMessages":[],"meta":{}},{"ancestorTitles":["validateNicknameFormat — 유효한 닉네임"],"fullName":"validateNicknameFormat — 유효한 닉네임 최대 20자 통과","status":"passed","title":"최대 20자 통과","duration":0.2470250000001215,"failureMessages":[],"meta":{}},{"ancestorTitles":["validateNicknameFormat — 유효한 닉네임"],"fullName":"validateNicknameFormat — 유효한 닉네임 숫자 포함 통과","status":"passed","title":"숫자 포함 통과","duration":0.3087709999999788,"failureMessages":[],"meta":{}},{"ancestorTitles":["validateNicknameFormat — 유효한 닉네임"],"fullName":"validateNicknameFormat — 유효한 닉네임 소문자+숫자 조합 통과","status":"passed","title":"소문자+숫자 조합 통과","duration":0.32246400000030917,"failureMessages":[],"meta":{}},{"ancestorTitles":["validateNicknameFormat — 빈 값"],"fullName":"validateNicknameFormat — 빈 값 빈 문자열 → empty","status":"passed","title":"빈 문자열 → empty","duration":0.21962500000017826,"failureMessages":[],"meta":{}},{"ancestorTitles":["validateNicknameFormat — 길이 위반"],"fullName":"validateNicknameFormat — 길이 위반 2자 → too_short","status":"passed","title":"2자 → too_short","duration":0.18560200000001714,"failureMessages":[],"meta":{}},{"ancestorTitles":["validateNicknameFormat — 길이 위반"],"fullName":"validateNicknameFormat — 길이 위반 21자 → too_long","status":"passed","title":"21자 → too_long","duration":0.19283899999982168,"failureMessages":[],"meta":{}},{"ancestorTitles":["validateNicknameFormat — 길이 위반"],"fullName":"validateNicknameFormat — 길이 위반 1자 → too_short","status":"passed","title":"1자 → too_short","duration":0.35596899999973175,"failureMessages":[],"meta":{}},{"ancestorTitles":["validateNicknameFormat — 시작 문자 위반"],"fullName":"validateNicknameFormat — 시작 문자 위반 숫자로 시작 → starts_with_non_letter","status":"passed","title":"숫자로 시작 → starts_with_non_letter","duration":0.3142699999998513,"failureMessages":[],"meta":{}},{"ancestorTitles":["validateNicknameFormat — 시작 문자 위반"],"fullName":"validateNicknameFormat — 시작 문자 위반 밑줄로 시작 → starts_with_non_letter","status":"passed","title":"밑줄로 시작 → starts_with_non_letter","duration":0.23581700000022465,"failureMessages":[],"meta":{}},{"ancestorTitles":["validateNicknameFormat — 허용되지 않는 문자"],"fullName":"validateNicknameFormat — 허용되지 않는 문자 대문자 → invalid_chars","status":"passed","title":"대문자 → invalid_chars","duration":0.2076879999999619,"failureMessages":[],"meta":{}},{"ancestorTitles":["validateNicknameFormat — 허용되지 않는 문자"],"fullName":"validateNicknameFormat — 허용되지 않는 문자 한글 → invalid_chars or starts_with_non_letter","status":"passed","title":"한글 → invalid_chars or starts_with_non_letter","duration":0.30053899999984424,"failureMessages":[],"meta":{}},{"ancestorTitles":["validateNicknameFormat — 허용되지 않는 문자"],"fullName":"validateNicknameFormat — 허용되지 않는 문자 공백 포함 → invalid_chars","status":"passed","title":"공백 포함 → invalid_chars","duration":0.36579699999992954,"failureMessages":[],"meta":{}},{"ancestorTitles":["validateNicknameFormat — 허용되지 않는 문자"],"fullName":"validateNicknameFormat — 허용되지 않는 문자 하이픈 포함 → invalid_chars","status":"passed","title":"하이픈 포함 → invalid_chars","duration":0.20818899999994755,"failureMessages":[],"meta":{}},{"ancestorTitles":["validateNicknameFormat — 허용되지 않는 문자"],"fullName":"validateNicknameFormat — 허용되지 않는 문자 점 포함 → invalid_chars","status":"passed","title":"점 포함 → invalid_chars","duration":0.26733599999988655,"failureMessages":[],"meta":{}},{"ancestorTitles":["nicknameErrorMessage"],"fullName":"nicknameErrorMessage 한국어 메시지 반환","status":"passed","title":"한국어 메시지 반환","duration":0.4129550000002382,"failureMessages":[],"meta":{}},{"ancestorTitles":["nicknameErrorMessage"],"fullName":"nicknameErrorMessage 영어 메시지 반환","status":"passed","title":"영어 메시지 반환","duration":22.119560999999976,"failureMessages":[],"meta":{}},{"ancestorTitles":["nicknameErrorMessage"],"fullName":"nicknameErrorMessage 기본값(ko) 메시지 반환","status":"passed","title":"기본값(ko) 메시지 반환","duration":0.2074729999999363,"failureMessages":[],"meta":{}},{"ancestorTitles":["상수 값 검증"],"fullName":"상수 값 검증 최소 길이 상수 = 3","status":"passed","title":"최소 길이 상수 = 3","duration":0.2434440000001814,"failureMessages":[],"meta":{}},{"ancestorTitles":["상수 값 검증"],"fullName":"상수 값 검증 최대 길이 상수 = 20","status":"passed","title":"최대 길이 상수 = 20","duration":0.12451300000020638,"failureMessages":[],"meta":{}}],"startTime":1777131410331,"endTime":1777131410362.2434,"status":"passed","message":"","name":"/Users/yongjun-kim/Desktop/noteflex/src/lib/nicknameValidation.test.ts"},{"assertionResults":[{"ancestorTitles":["noteWeighting","getNoteWeight"],"fullName":"noteWeighting getNoteWeight 빈 맵이면 모든 음표 1.0","status":"passed","title":"빈 맵이면 모든 음표 1.0","duration":1.765418999999838,"failureMessages":[],"meta":{}},{"ancestorTitles":["noteWeighting","getNoteWeight"],"fullName":"noteWeighting getNoteWeight 맵에 없는 음표는 normal(1.0)","status":"passed","title":"맵에 없는 음표는 normal(1.0)","duration":0.4747130000000652,"failureMessages":[],"meta":{}},{"ancestorTitles":["noteWeighting","getNoteWeight"],"fullName":"noteWeighting getNoteWeight weakness 플래그는 3.0","status":"passed","title":"weakness 플래그는 3.0","duration":0.3936060000000907,"failureMessages":[],"meta":{}},{"ancestorTitles":["noteWeighting","getNoteWeight"],"fullName":"noteWeighting getNoteWeight mastery 플래그는 0.3","status":"passed","title":"mastery 플래그는 0.3","duration":0.29141299999992043,"failureMessages":[],"meta":{}},{"ancestorTitles":["noteWeighting","getNoteWeight"],"fullName":"noteWeighting getNoteWeight 같은 key라도 clef 다르면 별개","status":"passed","title":"같은 key라도 clef 다르면 별개","duration":0.2644559999998819,"failureMessages":[],"meta":{}},{"ancestorTitles":["noteWeighting","getNoteWeight"],"fullName":"noteWeighting getNoteWeight 조표(accidental) 포함 키로 조회","status":"passed","title":"조표(accidental) 포함 키로 조회","duration":0.18933199999992212,"failureMessages":[],"meta":{}},{"ancestorTitles":["noteWeighting","weightedPickIndex"],"fullName":"noteWeighting weightedPickIndex 빈 배열이면 -1","status":"passed","title":"빈 배열이면 -1","duration":0.2872789999996712,"failureMessages":[],"meta":{}},{"ancestorTitles":["noteWeighting","weightedPickIndex"],"fullName":"noteWeighting weightedPickIndex 가중치 모두 0이면 균등 랜덤","status":"passed","title":"가중치 모두 0이면 균등 랜덤","duration":0.30687200000011217,"failureMessages":[],"meta":{}},{"ancestorTitles":["noteWeighting","weightedPickIndex"],"fullName":"noteWeighting weightedPickIndex 단일 항목은 0 반환","status":"passed","title":"단일 항목은 0 반환","duration":0.3285750000000007,"failureMessages":[],"meta":{}},{"ancestorTitles":["noteWeighting","weightedPickIndex"],"fullName":"noteWeighting weightedPickIndex 가중치 비율만큼 분포 (통계 테스트, N=10000)","status":"passed","title":"가중치 비율만큼 분포 (통계 테스트, N=10000)","duration":6.070757999999842,"failureMessages":[],"meta":{}},{"ancestorTitles":["noteWeighting","weightedPickIndex"],"fullName":"noteWeighting weightedPickIndex weakness × mastery 혼합 분포 검증","status":"passed","title":"weakness × mastery 혼합 분포 검증","duration":4.334714000000076,"failureMessages":[],"meta":{}},{"ancestorTitles":["noteWeighting","MASTERY_WEIGHTS 상수"],"fullName":"noteWeighting MASTERY_WEIGHTS 상수 weakness=3.0, normal=1.0, mastery=0.3","status":"passed","title":"weakness=3.0, normal=1.0, mastery=0.3","duration":0.23245500000030006,"failureMessages":[],"meta":{}}],"startTime":1777131410318,"endTime":1777131410333.2324,"status":"passed","message":"","name":"/Users/yongjun-kim/Desktop/noteflex/src/lib/noteWeighting.test.ts"},{"assertionResults":[{"ancestorTitles":["toSolfege"],"fullName":"toSolfege 한국어 시스템: C → 도","status":"passed","title":"한국어 시스템: C → 도","duration":1.502596000000267,"failureMessages":[],"meta":{}},{"ancestorTitles":["toSolfege"],"fullName":"toSolfege 영어 시스템: C → C","status":"passed","title":"영어 시스템: C → C","duration":0.2653049999998984,"failureMessages":[],"meta":{}},{"ancestorTitles":["toSolfege"],"fullName":"toSolfege 라틴 시스템: C → Do","status":"passed","title":"라틴 시스템: C → Do","duration":0.17872899999974834,"failureMessages":[],"meta":{}},{"ancestorTitles":["toSolfege"],"fullName":"toSolfege 한국어 시스템: 7개 음표 전부 매핑 확인","status":"passed","title":"한국어 시스템: 7개 음표 전부 매핑 확인","duration":0.48704399999996895,"failureMessages":[],"meta":{}},{"ancestorTitles":["toSolfege"],"fullName":"toSolfege 영어 시스템: 7개 음표 전부 원형 유지","status":"passed","title":"영어 시스템: 7개 음표 전부 원형 유지","duration":0.4722820000001775,"failureMessages":[],"meta":{}},{"ancestorTitles":["toSolfege"],"fullName":"toSolfege 라틴 시스템: 7개 음표 전부 매핑 확인","status":"passed","title":"라틴 시스템: 7개 음표 전부 매핑 확인","duration":0.35196600000017497,"failureMessages":[],"meta":{}},{"ancestorTitles":["toSolfege"],"fullName":"toSolfege 알 수 없는 key는 원형 반환","status":"passed","title":"알 수 없는 key는 원형 반환","duration":0.13945400000011432,"failureMessages":[],"meta":{}},{"ancestorTitles":["toSolfegeAriaLabel"],"fullName":"toSolfegeAriaLabel 기본 suffix '선택' 적용","status":"passed","title":"기본 suffix '선택' 적용","duration":0.24848999999994703,"failureMessages":[],"meta":{}},{"ancestorTitles":["toSolfegeAriaLabel"],"fullName":"toSolfegeAriaLabel 커스텀 suffix 적용","status":"passed","title":"커스텀 suffix 적용","duration":0.36005500000010215,"failureMessages":[],"meta":{}},{"ancestorTitles":["detectSolfegeFromLocale"],"fullName":"detectSolfegeFromLocale ko-KR → ko","status":"passed","title":"ko-KR → ko","duration":0.23237699999981487,"failureMessages":[],"meta":{}},{"ancestorTitles":["detectSolfegeFromLocale"],"fullName":"detectSolfegeFromLocale ko → ko","status":"passed","title":"ko → ko","duration":0.1866820000000189,"failureMessages":[],"meta":{}},{"ancestorTitles":["detectSolfegeFromLocale"],"fullName":"detectSolfegeFromLocale en-US → en","status":"passed","title":"en-US → en","duration":0.1355940000003102,"failureMessages":[],"meta":{}},{"ancestorTitles":["detectSolfegeFromLocale"],"fullName":"detectSolfegeFromLocale fr-FR → latin","status":"passed","title":"fr-FR → latin","duration":0.1305569999999534,"failureMessages":[],"meta":{}},{"ancestorTitles":["detectSolfegeFromLocale"],"fullName":"detectSolfegeFromLocale it-IT → latin","status":"passed","title":"it-IT → latin","duration":0.31130599999960396,"failureMessages":[],"meta":{}},{"ancestorTitles":["detectSolfegeFromLocale"],"fullName":"detectSolfegeFromLocale es-ES → latin","status":"passed","title":"es-ES → latin","duration":0.15097400000013295,"failureMessages":[],"meta":{}},{"ancestorTitles":["detectSolfegeFromLocale"],"fullName":"detectSolfegeFromLocale pt-BR → latin","status":"passed","title":"pt-BR → latin","duration":0.1827690000000075,"failureMessages":[],"meta":{}},{"ancestorTitles":["detectSolfegeFromLocale"],"fullName":"detectSolfegeFromLocale de-DE → en (fallback)","status":"passed","title":"de-DE → en (fallback)","duration":0.188640000000305,"failureMessages":[],"meta":{}},{"ancestorTitles":["detectSolfegeFromLocale"],"fullName":"detectSolfegeFromLocale ja-JP → en (fallback)","status":"passed","title":"ja-JP → en (fallback)","duration":0.291103000000021,"failureMessages":[],"meta":{}},{"ancestorTitles":["detectSolfegeFromLocale"],"fullName":"detectSolfegeFromLocale undefined 시 navigator.language 기반 동작 (에러 없음)","status":"passed","title":"undefined 시 navigator.language 기반 동작 (에러 없음)","duration":0.9203350000002501,"failureMessages":[],"meta":{}},{"ancestorTitles":["SOLFEGE_LABELS 완전성"],"fullName":"SOLFEGE_LABELS 완전성 3개 시스템 모두 7개 음표 키 보유","status":"passed","title":"3개 시스템 모두 7개 음표 키 보유","duration":46.67821599999979,"failureMessages":[],"meta":{}}],"startTime":1777131412455,"endTime":1777131412509.6782,"status":"passed","message":"","name":"/Users/yongjun-kim/Desktop/noteflex/src/lib/solfege.test.ts"},{"assertionResults":[{"ancestorTitles":["getUserTier"],"fullName":"getUserTier user가 null이면 guest","status":"passed","title":"user가 null이면 guest","duration":1.396648000000141,"failureMessages":[],"meta":{}},{"ancestorTitles":["getUserTier"],"fullName":"getUserTier profile이 null이면 free (drift 상태)","status":"passed","title":"profile이 null이면 free (drift 상태)","duration":0.27952400000003763,"failureMessages":[],"meta":{}},{"ancestorTitles":["getUserTier"],"fullName":"getUserTier subscription_tier='pro' → pro","status":"passed","title":"subscription_tier='pro' → pro","duration":0.22464300000001458,"failureMessages":[],"meta":{}},{"ancestorTitles":["getUserTier"],"fullName":"getUserTier is_premium=true → pro (Paddle webhook 흔적)","status":"passed","title":"is_premium=true → pro (Paddle webhook 흔적)","duration":0.15027600000007624,"failureMessages":[],"meta":{}},{"ancestorTitles":["getUserTier"],"fullName":"getUserTier 둘 다 활성이면 pro","status":"passed","title":"둘 다 활성이면 pro","duration":0.23874499999988075,"failureMessages":[],"meta":{}},{"ancestorTitles":["getUserTier"],"fullName":"getUserTier 로그인됐고 둘 다 비활성이면 free","status":"passed","title":"로그인됐고 둘 다 비활성이면 free","duration":0.1695159999999305,"failureMessages":[],"meta":{}},{"ancestorTitles":["getUserTier"],"fullName":"getUserTier subscription_tier='free' 명시여도 is_premium=true면 pro","status":"passed","title":"subscription_tier='free' 명시여도 is_premium=true면 pro","duration":0.11892100000000028,"failureMessages":[],"meta":{}}],"startTime":1777131412459,"endTime":1777131412462.2388,"status":"passed","message":"","name":"/Users/yongjun-kim/Desktop/noteflex/src/lib/subscriptionTier.test.ts"},{"assertionResults":[{"ancestorTitles":["Home — 탭 네비게이션"],"fullName":"Home — 탭 네비게이션 /home 기본 진입 시 rhythm 탭이 활성","status":"passed","title":"/home 기본 진입 시 rhythm 탭이 활성","duration":728.9082749999998,"failureMessages":[],"meta":{}},{"ancestorTitles":["Home — 탭 네비게이션"],"fullName":"Home — 탭 네비게이션 /home?tab=diagnosis 진입 시 diagnosis 탭 활성 + DiagnosisTab 마운트","status":"passed","title":"/home?tab=diagnosis 진입 시 diagnosis 탭 활성 + DiagnosisTab 마운트","duration":122.53975300000002,"failureMessages":[],"meta":{}},{"ancestorTitles":["Home — 탭 네비게이션"],"fullName":"Home — 탭 네비게이션 잘못된 tab 값 (?tab=invalid)은 rhythm으로 fallback","status":"passed","title":"잘못된 tab 값 (?tab=invalid)은 rhythm으로 fallback","duration":109.4501449999998,"failureMessages":[],"meta":{}},{"ancestorTitles":["Home — 탭 네비게이션"],"fullName":"Home — 탭 네비게이션 탭 클릭 시 URL이 ?tab=...으로 업데이트됨","status":"passed","title":"탭 클릭 시 URL이 ?tab=...으로 업데이트됨","duration":155.50636599999962,"failureMessages":[],"meta":{}},{"ancestorTitles":["Home — 탭 네비게이션"],"fullName":"Home — 탭 네비게이션 각 탭의 콘텐츠가 분리되어 렌더됨","status":"passed","title":"각 탭의 콘텐츠가 분리되어 렌더됨","duration":42.04660199999944,"failureMessages":[],"meta":{}},{"ancestorTitles":["Home — 탭 네비게이션"],"fullName":"Home — 탭 네비게이션 헤더/요약 섹션은 탭 바깥에서 항상 렌더됨","status":"passed","title":"헤더/요약 섹션은 탭 바깥에서 항상 렌더됨","duration":51.41853499999979,"failureMessages":[],"meta":{}}],"startTime":1777131412155,"endTime":1777131413365.4185,"status":"passed","message":"","name":"/Users/yongjun-kim/Desktop/noteflex/src/pages/Home.test.tsx"},{"assertionResults":[{"ancestorTitles":["ProfilePage"],"fullName":"ProfilePage 닉네임 필드가 기존 값으로 렌더링됨","status":"passed","title":"닉네임 필드가 기존 값으로 렌더링됨","duration":348.99266300000045,"failureMessages":[],"meta":{}},{"ancestorTitles":["ProfilePage"],"fullName":"ProfilePage 변경 사항 없으면 저장 버튼 비활성화","status":"passed","title":"변경 사항 없으면 저장 버튼 비활성화","duration":117.5527549999997,"failureMessages":[],"meta":{}},{"ancestorTitles":["ProfilePage"],"fullName":"ProfilePage 닉네임 변경 시 '변경 사항이 있습니다' 메시지 표시","status":"passed","title":"닉네임 변경 시 '변경 사항이 있습니다' 메시지 표시","duration":381.0986240000002,"failureMessages":[],"meta":{}},{"ancestorTitles":["ProfilePage"],"fullName":"ProfilePage 닉네임 available → 저장 버튼 활성화","status":"passed","title":"닉네임 available → 저장 버튼 활성화","duration":501.1166110000004,"failureMessages":[],"meta":{}},{"ancestorTitles":["ProfilePage"],"fullName":"ProfilePage 닉네임 invalid_format → 저장 버튼 비활성화","status":"passed","title":"닉네임 invalid_format → 저장 버튼 비활성화","duration":202.6917629999998,"failureMessages":[],"meta":{}},{"ancestorTitles":["ProfilePage"],"fullName":"ProfilePage 닉네임 taken → 저장 버튼 비활성화 + 추천 표시","status":"passed","title":"닉네임 taken → 저장 버튼 비활성화 + 추천 표시","duration":106.43605699999989,"failureMessages":[],"meta":{}},{"ancestorTitles":["ProfilePage"],"fullName":"ProfilePage 추천 닉네임 클릭 시 자동 입력됨","status":"passed","title":"추천 닉네임 클릭 시 자동 입력됨","duration":146.0800079999999,"failureMessages":[],"meta":{}},{"ancestorTitles":["ProfilePage"],"fullName":"ProfilePage 저장 버튼 클릭 시 Supabase update 호출됨","status":"passed","title":"저장 버튼 클릭 시 Supabase update 호출됨","duration":195.2348980000006,"failureMessages":[],"meta":{}},{"ancestorTitles":["ProfilePage"],"fullName":"ProfilePage 계이름 라디오 선택 시 localStorage에 즉시 반영됨","status":"passed","title":"계이름 라디오 선택 시 localStorage에 즉시 반영됨","duration":52.36630400000013,"failureMessages":[],"meta":{}},{"ancestorTitles":["ProfilePage"],"fullName":"ProfilePage 라틴 계이름 선택 시 localStorage에 latin 저장됨","status":"passed","title":"라틴 계이름 선택 시 localStorage에 latin 저장됨","duration":40.756836999999905,"failureMessages":[],"meta":{}},{"ancestorTitles":["ProfilePage"],"fullName":"ProfilePage 로그아웃 버튼 클릭 시 signOut 호출됨","status":"passed","title":"로그아웃 버튼 클릭 시 signOut 호출됨","duration":39.08236399999987,"failureMessages":[],"meta":{}},{"ancestorTitles":["ProfilePage"],"fullName":"ProfilePage 계정 이메일이 읽기전용으로 표시됨","status":"passed","title":"계정 이메일이 읽기전용으로 표시됨","duration":16.516434000000118,"failureMessages":[],"meta":{}}],"startTime":1777131411652,"endTime":1777131413815.5164,"status":"passed","message":"","name":"/Users/yongjun-kim/Desktop/noteflex/src/pages/ProfilePage.test.tsx"},{"assertionResults":[{"ancestorTitles":["example"],"fullName":"example should pass","status":"passed","title":"should pass","duration":1.426955999999791,"failureMessages":[],"meta":{}}],"startTime":1777131412455,"endTime":1777131412456.427,"status":"passed","message":"","name":"/Users/yongjun-kim/Desktop/noteflex/src/test/example.test.ts"}]}